<?xml version="1.0" encoding="UTF-8"?>
<!-- Generated by org.testng.reporters.JUnitReportReporter -->
<testsuite hostname="DESKTOP-8KSI4B1" failures="0" tests="1" name="TestCases.DatePickerTest" time="7.496" errors="0" timestamp="2024-05-10T06:40:32 IST" skipped="0">
  <testcase classname="TestCases.DatePickerTest" name="datepickertextshow" time="7.496"/>
  <system-out/>
</testsuite> <!-- TestCases.DatePickerTest -->
