<?xml version="1.0" encoding="UTF-8"?>
<!-- Generated by org.testng.reporters.JUnitReportReporter -->
<testsuite hostname="DESKTOP-8KSI4B1" failures="0" tests="1" name="TestCases.TableTest" time="7.211" errors="0" timestamp="2024-05-09T21:11:50 IST" skipped="0">
  <testcase classname="TestCases.TableTest" name="verifyofficename" time="7.211"/>
  <system-out/>
</testsuite> <!-- TestCases.TableTest -->
