<?xml version="1.0" encoding="UTF-8"?>
<!-- Generated by org.testng.reporters.JUnitReportReporter -->
<testsuite hostname="DESKTOP-8KSI4B1" failures="0" tests="1" name="TestCases.InputFormclass" time="36.546" errors="0" timestamp="2024-05-08T18:55:09 IST" skipped="0">
  <testcase classname="TestCases.InputFormclass" name="verifyShowMessageTerxt" time="36.546"/>
  <system-out/>
</testsuite> <!-- TestCases.InputFormclass -->
