<?xml version="1.0" encoding="UTF-8"?>
<!-- Generated by org.testng.reporters.JUnitReportReporter -->
<testsuite hostname="DESKTOP-8KSI4B1" failures="0" tests="1" name="TestCases.HomeTest" time="9.187" errors="0" timestamp="2024-05-07T20:21:56 IST" skipped="0">
  <testcase classname="TestCases.HomeTest" name="printLogo" time="9.187"/>
  <system-out/>
</testsuite> <!-- TestCases.HomeTest -->
